2020-05-04 10:54:07.264  INFO 1016 --- [main] d.s.b.c.e.WelcomeLogoApplicationListener : 

 :: Dubbo Spring Boot (v2.7.6) : https://github.com/apache/dubbo-spring-boot-project
 :: Dubbo (v2.7.6) : https://github.com/apache/dubbo
 :: Discuss group : dev@dubbo.apache.org

2020-05-04 10:54:07.281  INFO 1016 --- [main] e.OverrideDubboConfigApplicationListener : Dubbo Config was overridden by externalized configuration {dubbo.application.qos-enable=false, dubbo.config.multiple=true}
2020-05-04 10:54:07.404  INFO 1016 --- [main] o.m.m.r.RecommendApplicationTests        : Starting RecommendApplicationTests on DESKTOP-JR4IP6T with PID 1016 (started by cyx_i in C:\Users\cyx_i\IdeaProjects\SACC_books\SACC_recommend)
2020-05-04 10:54:07.405  INFO 1016 --- [main] o.m.m.r.RecommendApplicationTests        : No active profile set, falling back to default profiles: default
2020-05-04 10:54:07.489  INFO 1016 --- [main] com.alibaba.spring.util.BeanRegistrar    : The Infrastructure bean definition [Root bean: class [org.apache.dubbo.spring.boot.beans.factory.config.DubboConfigBeanCustomizer]; scope=; abstract=false; lazyInit=null; autowireMode=0; dependencyCheck=0; autowireCandidate=true; primary=false; factoryBeanName=null; factoryMethodName=null; initMethodName=null; destroyMethodName=nullwith name [namePropertyDefaultValueDubboConfigBeanCustomizer] has been registered.
2020-05-04 10:54:08.191  INFO 1016 --- [main] .b.f.a.ConfigurationBeanBindingRegistrar : The configuration bean definition [name : org.apache.dubbo.config.ApplicationConfig#0, content : Root bean: class [org.apache.dubbo.config.ApplicationConfig]; scope=; abstract=false; lazyInit=null; autowireMode=0; dependencyCheck=0; autowireCandidate=true; primary=false; factoryBeanName=null; factoryMethodName=null; initMethodName=null; destroyMethodName=null] has been registered.
2020-05-04 10:54:08.192  INFO 1016 --- [main] com.alibaba.spring.util.BeanRegistrar    : The Infrastructure bean definition [Root bean: class [com.alibaba.spring.beans.factory.annotation.ConfigurationBeanBindingPostProcessor]; scope=; abstract=false; lazyInit=null; autowireMode=0; dependencyCheck=0; autowireCandidate=true; primary=false; factoryBeanName=null; factoryMethodName=null; initMethodName=null; destroyMethodName=nullwith name [configurationBeanBindingPostProcessor] has been registered.
2020-05-04 10:54:08.393  WARN 1016 --- [main] o.m.s.mapper.ClassPathMapperScanner      : No MyBatis mapper was found in '[org.microservice.ml.recommend]' package. Please check your configuration.
2020-05-04 10:54:08.657  INFO 1016 --- [main] trationDelegate$BeanPostProcessorChecker : Bean 'org.apache.dubbo.spring.boot.autoconfigure.DubboAutoConfiguration' of type [org.apache.dubbo.spring.boot.autoconfigure.DubboAutoConfiguration$$EnhancerBySpringCGLIB$$e4402bb1] is not eligible for getting processed by all BeanPostProcessors (for example: not eligible for auto-proxying)
2020-05-04 10:54:09.491  INFO 1016 --- [main] o.s.s.concurrent.ThreadPoolTaskExecutor  : Initializing ExecutorService 'applicationTaskExecutor'
2020-05-04 10:54:09.871  WARN 1016 --- [main] ion$DefaultTemplateResolverConfiguration : Cannot find template location: classpath:/templates/ (please add some templates or check your Thymeleaf configuration)
2020-05-04 10:54:09.982  INFO 1016 --- [main] .a.ConfigurationBeanBindingPostProcessor : The configuration bean [<dubbo:application hostname="DESKTOP-JR4IP6T" qosEnable="false" />] have been binding by the configuration properties [{qos-enable=false}]
2020-05-04 10:54:11.197  INFO 1016 --- [main] o.m.m.r.RecommendApplicationTests        : Started RecommendApplicationTests in 4.469 seconds (JVM running for 6.677)
2020-05-04 10:54:11.556  INFO 1016 --- [SpringContextShutdownHook] .b.c.e.AwaitingNonWebApplicationListener :  [Dubbo] Current Spring Boot Application is about to shutdown...
2020-05-04 10:54:11.559  INFO 1016 --- [SpringContextShutdownHook] o.s.s.concurrent.ThreadPoolTaskExecutor  : Shutting down ExecutorService 'applicationTaskExecutor'
2020-05-04 10:54:11.561  INFO 1016 --- [SpringContextShutdownHook] f.a.ReferenceAnnotationBeanPostProcessor : class org.apache.dubbo.config.spring.beans.factory.annotation.ReferenceAnnotationBeanPostProcessor was destroying!
2020-05-04 10:55:03.724  INFO 11556 --- [main] d.s.b.c.e.WelcomeLogoApplicationListener : 

 :: Dubbo Spring Boot (v2.7.6) : https://github.com/apache/dubbo-spring-boot-project
 :: Dubbo (v2.7.6) : https://github.com/apache/dubbo
 :: Discuss group : dev@dubbo.apache.org

2020-05-04 10:55:03.730  INFO 11556 --- [main] e.OverrideDubboConfigApplicationListener : Dubbo Config was overridden by externalized configuration {dubbo.application.qos-enable=false, dubbo.config.multiple=true}
2020-05-04 10:55:03.878  INFO 11556 --- [main] o.m.m.r.RecommendApplicationTests        : Starting RecommendApplicationTests on DESKTOP-JR4IP6T with PID 11556 (started by cyx_i in C:\Users\cyx_i\IdeaProjects\SACC_books\SACC_recommend)
2020-05-04 10:55:03.878  INFO 11556 --- [main] o.m.m.r.RecommendApplicationTests        : No active profile set, falling back to default profiles: default
2020-05-04 10:55:03.958  INFO 11556 --- [main] com.alibaba.spring.util.BeanRegistrar    : The Infrastructure bean definition [Root bean: class [org.apache.dubbo.spring.boot.beans.factory.config.DubboConfigBeanCustomizer]; scope=; abstract=false; lazyInit=null; autowireMode=0; dependencyCheck=0; autowireCandidate=true; primary=false; factoryBeanName=null; factoryMethodName=null; initMethodName=null; destroyMethodName=nullwith name [namePropertyDefaultValueDubboConfigBeanCustomizer] has been registered.
2020-05-04 10:55:04.615  INFO 11556 --- [main] .b.f.a.ConfigurationBeanBindingRegistrar : The configuration bean definition [name : org.apache.dubbo.config.ApplicationConfig#0, content : Root bean: class [org.apache.dubbo.config.ApplicationConfig]; scope=; abstract=false; lazyInit=null; autowireMode=0; dependencyCheck=0; autowireCandidate=true; primary=false; factoryBeanName=null; factoryMethodName=null; initMethodName=null; destroyMethodName=null] has been registered.
2020-05-04 10:55:04.615  INFO 11556 --- [main] com.alibaba.spring.util.BeanRegistrar    : The Infrastructure bean definition [Root bean: class [com.alibaba.spring.beans.factory.annotation.ConfigurationBeanBindingPostProcessor]; scope=; abstract=false; lazyInit=null; autowireMode=0; dependencyCheck=0; autowireCandidate=true; primary=false; factoryBeanName=null; factoryMethodName=null; initMethodName=null; destroyMethodName=nullwith name [configurationBeanBindingPostProcessor] has been registered.
2020-05-04 10:55:04.780  WARN 11556 --- [main] o.m.s.mapper.ClassPathMapperScanner      : No MyBatis mapper was found in '[org.microservice.ml.recommend]' package. Please check your configuration.
2020-05-04 10:55:05.031  INFO 11556 --- [main] trationDelegate$BeanPostProcessorChecker : Bean 'org.apache.dubbo.spring.boot.autoconfigure.DubboAutoConfiguration' of type [org.apache.dubbo.spring.boot.autoconfigure.DubboAutoConfiguration$$EnhancerBySpringCGLIB$$9f059bcf] is not eligible for getting processed by all BeanPostProcessors (for example: not eligible for auto-proxying)
2020-05-04 10:55:05.718  INFO 11556 --- [main] o.s.s.concurrent.ThreadPoolTaskExecutor  : Initializing ExecutorService 'applicationTaskExecutor'
2020-05-04 10:55:06.029  WARN 11556 --- [main] ion$DefaultTemplateResolverConfiguration : Cannot find template location: classpath:/templates/ (please add some templates or check your Thymeleaf configuration)
2020-05-04 10:55:06.139  INFO 11556 --- [main] .a.ConfigurationBeanBindingPostProcessor : The configuration bean [<dubbo:application hostname="DESKTOP-JR4IP6T" qosEnable="false" />] have been binding by the configuration properties [{qos-enable=false}]
2020-05-04 10:55:07.273  INFO 11556 --- [main] o.m.m.r.RecommendApplicationTests        : Started RecommendApplicationTests in 4.185 seconds (JVM running for 6.146)
2020-05-04 10:55:07.603  INFO 11556 --- [SpringContextShutdownHook] .b.c.e.AwaitingNonWebApplicationListener :  [Dubbo] Current Spring Boot Application is about to shutdown...
2020-05-04 10:55:07.608  INFO 11556 --- [SpringContextShutdownHook] o.s.s.concurrent.ThreadPoolTaskExecutor  : Shutting down ExecutorService 'applicationTaskExecutor'
2020-05-04 10:55:07.609  INFO 11556 --- [SpringContextShutdownHook] f.a.ReferenceAnnotationBeanPostProcessor : class org.apache.dubbo.config.spring.beans.factory.annotation.ReferenceAnnotationBeanPostProcessor was destroying!
2020-05-04 10:55:46.279  INFO 10572 --- [main] d.s.b.c.e.WelcomeLogoApplicationListener : 

 :: Dubbo Spring Boot (v2.7.6) : https://github.com/apache/dubbo-spring-boot-project
 :: Dubbo (v2.7.6) : https://github.com/apache/dubbo
 :: Discuss group : dev@dubbo.apache.org

2020-05-04 10:55:46.284  INFO 10572 --- [main] e.OverrideDubboConfigApplicationListener : Dubbo Config was overridden by externalized configuration {dubbo.application.qos-enable=false, dubbo.config.multiple=true}
2020-05-04 10:55:46.495  INFO 10572 --- [main] o.m.m.r.RecommendApplicationTests        : Starting RecommendApplicationTests on DESKTOP-JR4IP6T with PID 10572 (started by cyx_i in C:\Users\cyx_i\IdeaProjects\SACC_books\SACC_recommend)
2020-05-04 10:55:46.496  INFO 10572 --- [main] o.m.m.r.RecommendApplicationTests        : No active profile set, falling back to default profiles: default
2020-05-04 10:55:46.585  INFO 10572 --- [main] com.alibaba.spring.util.BeanRegistrar    : The Infrastructure bean definition [Root bean: class [org.apache.dubbo.spring.boot.beans.factory.config.DubboConfigBeanCustomizer]; scope=; abstract=false; lazyInit=null; autowireMode=0; dependencyCheck=0; autowireCandidate=true; primary=false; factoryBeanName=null; factoryMethodName=null; initMethodName=null; destroyMethodName=nullwith name [namePropertyDefaultValueDubboConfigBeanCustomizer] has been registered.
2020-05-04 10:55:47.371  INFO 10572 --- [main] .b.f.a.ConfigurationBeanBindingRegistrar : The configuration bean definition [name : org.apache.dubbo.config.ApplicationConfig#0, content : Root bean: class [org.apache.dubbo.config.ApplicationConfig]; scope=; abstract=false; lazyInit=null; autowireMode=0; dependencyCheck=0; autowireCandidate=true; primary=false; factoryBeanName=null; factoryMethodName=null; initMethodName=null; destroyMethodName=null] has been registered.
2020-05-04 10:55:47.372  INFO 10572 --- [main] com.alibaba.spring.util.BeanRegistrar    : The Infrastructure bean definition [Root bean: class [com.alibaba.spring.beans.factory.annotation.ConfigurationBeanBindingPostProcessor]; scope=; abstract=false; lazyInit=null; autowireMode=0; dependencyCheck=0; autowireCandidate=true; primary=false; factoryBeanName=null; factoryMethodName=null; initMethodName=null; destroyMethodName=nullwith name [configurationBeanBindingPostProcessor] has been registered.
2020-05-04 10:55:47.591  WARN 10572 --- [main] o.m.s.mapper.ClassPathMapperScanner      : No MyBatis mapper was found in '[org.microservice.ml.recommend]' package. Please check your configuration.
2020-05-04 10:55:47.802  INFO 10572 --- [main] trationDelegate$BeanPostProcessorChecker : Bean 'org.apache.dubbo.spring.boot.autoconfigure.DubboAutoConfiguration' of type [org.apache.dubbo.spring.boot.autoconfigure.DubboAutoConfiguration$$EnhancerBySpringCGLIB$$dedfa179] is not eligible for getting processed by all BeanPostProcessors (for example: not eligible for auto-proxying)
2020-05-04 10:55:48.550  INFO 10572 --- [main] o.s.s.concurrent.ThreadPoolTaskExecutor  : Initializing ExecutorService 'applicationTaskExecutor'
2020-05-04 10:55:48.892  WARN 10572 --- [main] ion$DefaultTemplateResolverConfiguration : Cannot find template location: classpath:/templates/ (please add some templates or check your Thymeleaf configuration)
2020-05-04 10:55:49.006  INFO 10572 --- [main] .a.ConfigurationBeanBindingPostProcessor : The configuration bean [<dubbo:application qosEnable="false" hostname="DESKTOP-JR4IP6T" />] have been binding by the configuration properties [{qos-enable=false}]
2020-05-04 10:55:50.222  INFO 10572 --- [main] o.m.m.r.RecommendApplicationTests        : Started RecommendApplicationTests in 4.547 seconds (JVM running for 6.048)
2020-05-04 10:55:50.551  INFO 10572 --- [SpringContextShutdownHook] .b.c.e.AwaitingNonWebApplicationListener :  [Dubbo] Current Spring Boot Application is about to shutdown...
2020-05-04 10:55:50.555  INFO 10572 --- [SpringContextShutdownHook] o.s.s.concurrent.ThreadPoolTaskExecutor  : Shutting down ExecutorService 'applicationTaskExecutor'
2020-05-04 10:55:50.556  INFO 10572 --- [SpringContextShutdownHook] f.a.ReferenceAnnotationBeanPostProcessor : class org.apache.dubbo.config.spring.beans.factory.annotation.ReferenceAnnotationBeanPostProcessor was destroying!
2020-05-04 10:56:38.717  INFO 12008 --- [main] d.s.b.c.e.WelcomeLogoApplicationListener : 

 :: Dubbo Spring Boot (v2.7.6) : https://github.com/apache/dubbo-spring-boot-project
 :: Dubbo (v2.7.6) : https://github.com/apache/dubbo
 :: Discuss group : dev@dubbo.apache.org

2020-05-04 10:56:38.724  INFO 12008 --- [main] e.OverrideDubboConfigApplicationListener : Dubbo Config was overridden by externalized configuration {dubbo.application.qos-enable=false, dubbo.config.multiple=true}
2020-05-04 10:56:38.968  INFO 12008 --- [main] o.m.m.r.RecommendApplicationTests        : Starting RecommendApplicationTests on DESKTOP-JR4IP6T with PID 12008 (started by cyx_i in C:\Users\cyx_i\IdeaProjects\SACC_books\SACC_recommend)
2020-05-04 10:56:38.969  INFO 12008 --- [main] o.m.m.r.RecommendApplicationTests        : No active profile set, falling back to default profiles: default
2020-05-04 10:56:39.040  INFO 12008 --- [main] com.alibaba.spring.util.BeanRegistrar    : The Infrastructure bean definition [Root bean: class [org.apache.dubbo.spring.boot.beans.factory.config.DubboConfigBeanCustomizer]; scope=; abstract=false; lazyInit=null; autowireMode=0; dependencyCheck=0; autowireCandidate=true; primary=false; factoryBeanName=null; factoryMethodName=null; initMethodName=null; destroyMethodName=nullwith name [namePropertyDefaultValueDubboConfigBeanCustomizer] has been registered.
2020-05-04 10:56:39.806  INFO 12008 --- [main] .b.f.a.ConfigurationBeanBindingRegistrar : The configuration bean definition [name : org.apache.dubbo.config.ApplicationConfig#0, content : Root bean: class [org.apache.dubbo.config.ApplicationConfig]; scope=; abstract=false; lazyInit=null; autowireMode=0; dependencyCheck=0; autowireCandidate=true; primary=false; factoryBeanName=null; factoryMethodName=null; initMethodName=null; destroyMethodName=null] has been registered.
2020-05-04 10:56:39.806  INFO 12008 --- [main] com.alibaba.spring.util.BeanRegistrar    : The Infrastructure bean definition [Root bean: class [com.alibaba.spring.beans.factory.annotation.ConfigurationBeanBindingPostProcessor]; scope=; abstract=false; lazyInit=null; autowireMode=0; dependencyCheck=0; autowireCandidate=true; primary=false; factoryBeanName=null; factoryMethodName=null; initMethodName=null; destroyMethodName=nullwith name [configurationBeanBindingPostProcessor] has been registered.
2020-05-04 10:56:39.991  WARN 12008 --- [main] o.m.s.mapper.ClassPathMapperScanner      : No MyBatis mapper was found in '[org.microservice.ml.recommend]' package. Please check your configuration.
2020-05-04 10:56:40.210  INFO 12008 --- [main] trationDelegate$BeanPostProcessorChecker : Bean 'org.apache.dubbo.spring.boot.autoconfigure.DubboAutoConfiguration' of type [org.apache.dubbo.spring.boot.autoconfigure.DubboAutoConfiguration$$EnhancerBySpringCGLIB$$c07b0221] is not eligible for getting processed by all BeanPostProcessors (for example: not eligible for auto-proxying)
2020-05-04 10:56:40.920  INFO 12008 --- [main] o.s.s.concurrent.ThreadPoolTaskExecutor  : Initializing ExecutorService 'applicationTaskExecutor'
2020-05-04 10:56:41.312  WARN 12008 --- [main] ion$DefaultTemplateResolverConfiguration : Cannot find template location: classpath:/templates/ (please add some templates or check your Thymeleaf configuration)
2020-05-04 10:56:41.418  INFO 12008 --- [main] .a.ConfigurationBeanBindingPostProcessor : The configuration bean [<dubbo:application hostname="DESKTOP-JR4IP6T" qosEnable="false" />] have been binding by the configuration properties [{qos-enable=false}]
2020-05-04 10:56:42.612  INFO 12008 --- [main] o.m.m.r.RecommendApplicationTests        : Started RecommendApplicationTests in 4.616 seconds (JVM running for 6.066)
2020-05-04 10:56:42.916  INFO 12008 --- [SpringContextShutdownHook] .b.c.e.AwaitingNonWebApplicationListener :  [Dubbo] Current Spring Boot Application is about to shutdown...
2020-05-04 10:56:42.921  INFO 12008 --- [SpringContextShutdownHook] o.s.s.concurrent.ThreadPoolTaskExecutor  : Shutting down ExecutorService 'applicationTaskExecutor'
2020-05-04 10:56:42.922  INFO 12008 --- [SpringContextShutdownHook] f.a.ReferenceAnnotationBeanPostProcessor : class org.apache.dubbo.config.spring.beans.factory.annotation.ReferenceAnnotationBeanPostProcessor was destroying!
